Build started 27-Nov-16 10:49:35.
     1>Project "C:\Users\KKramek\Desktop\CourierCompany\CourierCompany\CourierCompany.vcxproj" on node 2 (Build target(s)).
     1>ClCompile:
         C:\Program Files (x86)\Microsoft Visual Studio 12.0\VC\bin\CL.exe /c /ZI /nologo /W3 /WX- /sdl /Od /Oy- /D WIN32 /D _WINDOWS /D _DEBUG /D _UNICODE /D UNICODE /D _AFXDLL /Gm /EHsc /RTC1 /MDd /GS /fp:precise /Zc:wchar_t /Zc:forScope /Yu"stdafx.h" /Fp"Debug\CourierCompany.pch" /Fo"Debug\\" /Fd"Debug\vc120.pdb" /Gd /TP /analyze- /errorReport:prompt CourierCompany.cpp CourierCompanyDlg.cpp StartWindowDlg.cpp TabGarage.cpp
         TabGarage.cpp
     1>c:\users\kkramek\desktop\couriercompany\couriercompany\tabgarage.cpp(4): fatal error C1041: cannot open program database 'c:\users\kkramek\desktop\couriercompany\couriercompany\debug\vc120.pdb'; if multiple CL.EXE write to the same .PDB file, please use /FS
         StartWindowDlg.cpp
         CourierCompanyDlg.cpp
     1>c:\users\kkramek\desktop\couriercompany\couriercompany\couriercompanydlg.h(54): error C3646: 'CStatic' : unknown override specifier
     1>c:\users\kkramek\desktop\couriercompany\couriercompany\couriercompanydlg.h(54): error C3646: 'headerDataNick' : unknown override specifier
     1>c:\users\kkramek\desktop\couriercompany\couriercompany\couriercompanydlg.cpp(46): error C2065: 'headerDataNick' : undeclared identifier
     1>c:\users\kkramek\desktop\couriercompany\couriercompany\couriercompanydlg.cpp(46): error C2664: 'void DDX_Control(CDataExchange *,int,CWnd &)' : cannot convert argument 3 from 'unknown-type' to 'CWnd &'
         Generating Code...
         Compiling...
         CourierCompany.cpp
     1>c:\users\kkramek\desktop\couriercompany\couriercompany\couriercompanydlg.h(54): error C3646: 'CStatic' : unknown override specifier
     1>c:\users\kkramek\desktop\couriercompany\couriercompany\couriercompanydlg.h(54): error C3646: 'headerDataNick' : unknown override specifier
         Generating Code...
     1>Done Building Project "C:\Users\KKramek\Desktop\CourierCompany\CourierCompany\CourierCompany.vcxproj" (Build target(s)) -- FAILED.

Build FAILED.

Time Elapsed 00:00:01.72
